2024/09/07 14:52:59.273974 [repository.GetUserByUsernameAndPassword] error getting user by username and password: record not found
2024/09/07 14:53:31.302495 [repository.GetUserByUsername] error getting user by username: record not found
2024/09/07 15:06:15.855243 [repository.GetUserByUsername] error getting user by username: record not found
2024/09/07 15:07:03.336166 [repository.GetUserByUsername] error getting user by username: record not found
2024/09/07 15:10:10.449511 [controllers.CreateOrder] error creating order json: cannot unmarshal string into Go struct field Order.items of type []models.Menu
2024/09/07 15:26:46.528398 [repository.GetOrderByID] error getting order by id: record not found
2024/09/07 15:30:48.459471 [repository.GetAllOrders] error getting all orders: Menu: unsupported relations for schema Order
2024/09/07 15:30:48.459563 [controllers.GetAllOrders] error getting all orders: Menu: unsupported relations for schema Order
2024/09/07 15:37:05.789980 [repository.GetOrderByID] error getting order by id: record not found
2024/09/08 11:36:35.819964 [repository.GetUserByUsernameAndPassword] error getting user by username and password: record not found
2024/09/08 11:36:40.479925 [repository.GetUserByUsername] error getting user by username: record not found
2024/09/08 11:36:40.492025 [repository.CreateUser] error creating user: ERROR: insert or update on table "users" violates foreign key constraint "fk_roles_users" (SQLSTATE 23503)
2024/09/08 11:36:56.592236 [repository.GetUserByUsername] error getting user by username: record not found
2024/09/08 11:36:56.596300 [repository.CreateUser] error creating user: ERROR: insert or update on table "users" violates foreign key constraint "fk_roles_users" (SQLSTATE 23503)
2024/09/08 11:44:08.796285 [repository.GetUserByUsername] error getting user by username: record not found
2024/09/08 11:46:29.411518 [repository.CreateUser] error creating user: ERROR: duplicate key value violates unique constraint "uni_users_username" (SQLSTATE 23505)
2024/09/08 11:47:04.268140 [repository.CreateUser] error creating user: ERROR: duplicate key value violates unique constraint "uni_users_username" (SQLSTATE 23505)
2024/09/08 11:47:26.536108 [repository.GetUserByUsername] error getting user by username: record not found
2024/09/08 11:48:09.822046 [repository.GetUserByUsername] error getting user by username: record not found
2024/09/08 11:48:37.117025 [repository.CreateUser] error creating user: ERROR: duplicate key value violates unique constraint "uni_users_username" (SQLSTATE 23505)
2024/09/08 11:49:46.762483 [repository.GetUserByUsername] error getting user by username: record not found
2024/09/08 11:49:59.157350 [repository.GetUserByUsername] error getting user by username: record not found
2024/09/08 11:50:29.361784 [repository.GetUserByUsername] error getting user by username: record not found
2024/09/08 11:56:03.649133 [repository.GetOrderByID] error getting order by id: record not found
2024/09/08 11:56:03.653600 [repository.CreateOrder] error creating order: ERROR: insert or update on table "orders" violates foreign key constraint "fk_tables_orders" (SQLSTATE 23503)
2024/09/08 11:56:03.653630 [controllers.CreateOrder] error creating order ERROR: insert or update on table "orders" violates foreign key constraint "fk_tables_orders" (SQLSTATE 23503)
2024/09/08 12:23:56.848833 [repository.GetOrderByID] error getting order by id: record not found
2024/09/08 12:23:56.853264 [repository.CreateOrder] error creating order: ERROR: insert or update on table "orders" violates foreign key constraint "fk_tables_orders" (SQLSTATE 23503)
2024/09/08 12:23:56.853296 [controllers.CreateOrder] error creating order ERROR: insert or update on table "orders" violates foreign key constraint "fk_tables_orders" (SQLSTATE 23503)
2024/09/08 12:32:55.958780 [repository.GetOrderByID] error getting order by id: record not found
2024/09/08 12:32:55.964201 [repository.CreateOrder] error creating order: ERROR: insert or update on table "order_items" violates foreign key constraint "fk_menus_items" (SQLSTATE 23503)
2024/09/08 12:32:55.964245 [controllers.CreateOrder] error creating order ERROR: insert or update on table "order_items" violates foreign key constraint "fk_menus_items" (SQLSTATE 23503)
2024/09/08 12:38:24.895134 [repository.GetUserByUsername] error getting user by username: record not found
2024/09/08 12:38:44.466939 [repository.GetUserByUsername] error getting user by username: record not found
2024/09/08 12:39:11.740326 [repository.GetOrderByID] error getting order by id: record not found
2024/09/08 12:39:11.744642 [repository.CreateOrder] error creating order: ERROR: insert or update on table "orders" violates foreign key constraint "fk_orders_table" (SQLSTATE 23503)
2024/09/08 12:39:11.744693 [controllers.CreateOrder] error creating order ERROR: insert or update on table "orders" violates foreign key constraint "fk_orders_table" (SQLSTATE 23503)
2024/09/08 12:39:23.571382 [repository.GetOrderByID] error getting order by id: record not found
2024/09/08 12:39:23.575062 [repository.CreateOrder] error creating order: ERROR: insert or update on table "orders" violates foreign key constraint "fk_orders_table" (SQLSTATE 23503)
2024/09/08 12:39:23.575085 [controllers.CreateOrder] error creating order ERROR: insert or update on table "orders" violates foreign key constraint "fk_orders_table" (SQLSTATE 23503)
2024/09/08 12:40:13.518371 [repository.GetOrderByID] error getting order by id: record not found
2024/09/08 12:40:13.524978 [repository.CreateOrder] error creating order: ERROR: insert or update on table "order_items" violates foreign key constraint "fk_menus_items" (SQLSTATE 23503)
2024/09/08 12:40:13.525018 [controllers.CreateOrder] error creating order ERROR: insert or update on table "order_items" violates foreign key constraint "fk_menus_items" (SQLSTATE 23503)
2024/09/08 12:40:24.713477 [repository.GetOrderByID] error getting order by id: record not found
2024/09/08 12:40:24.720318 [repository.CreateOrder] error creating order: ERROR: insert or update on table "order_items" violates foreign key constraint "fk_menus_items" (SQLSTATE 23503)
2024/09/08 12:40:24.720359 [controllers.CreateOrder] error creating order ERROR: insert or update on table "order_items" violates foreign key constraint "fk_menus_items" (SQLSTATE 23503)
2024/09/08 12:42:57.541715 [repository.GetOrderByID] error getting order by id: record not found
2024/09/08 12:44:15.453873 [repository.GetOrderByID] error getting order by id: record not found
2024/09/08 12:44:15.453907 [controllers.EditOrderByID] error editing order: order not found: record not found
2024/09/08 12:45:49.948224 [repository.GetUserByUsername] error getting user by username: record not found
2024/09/08 12:46:05.065716 [repository.GetUserByUsername] error getting user by username: record not found
2024/09/08 12:46:29.103946 [repository.GetOrderByID] error getting order by id: record not found
2024/09/08 12:47:04.770059 [repository.DeleteOrderByID] error deleating order: ERROR: update or delete on table "orders" violates foreign key constraint "fk_orders_items" on table "order_items" (SQLSTATE 23503)
2024/09/08 12:47:04.770098 [controllers.DeleteOrderByID] error deleating order: could not delete order: ERROR: update or delete on table "orders" violates foreign key constraint "fk_orders_items" on table "order_items" (SQLSTATE 23503)
2024/09/08 12:58:11.774277 [repository.GetOrderByID] error getting order by id: record not found
2024/09/08 12:58:23.668353 [repository.DeleteOrderByID] error deleating order: ERROR: update or delete on table "orders" violates foreign key constraint "fk_orders_items" on table "order_items" (SQLSTATE 23503)
2024/09/08 12:58:23.668410 [controllers.DeleteOrderByID] error deleating order: could not delete order: ERROR: update or delete on table "orders" violates foreign key constraint "fk_orders_items" on table "order_items" (SQLSTATE 23503)
2024/09/08 13:01:24.386904 [repository.GetUserByUsername] error getting user by username: record not found
2024/09/08 13:01:40.977084 [repository.GetOrderByID] error getting order by id: record not found
2024/09/08 13:01:40.981619 [repository.CreateOrder] error creating order: ERROR: insert or update on table "orders" violates foreign key constraint "fk_tables_orders" (SQLSTATE 23503)
2024/09/08 13:01:40.981676 [controllers.CreateOrder] error creating order ERROR: insert or update on table "orders" violates foreign key constraint "fk_tables_orders" (SQLSTATE 23503)
2024/09/08 13:03:02.857485 [repository.GetOrderByID] error getting order by id: record not found
2024/09/08 13:03:02.861329 [repository.CreateOrder] error creating order: ERROR: insert or update on table "orders" violates foreign key constraint "fk_tables_orders" (SQLSTATE 23503)
2024/09/08 13:03:02.861346 [controllers.CreateOrder] error creating order ERROR: insert or update on table "orders" violates foreign key constraint "fk_tables_orders" (SQLSTATE 23503)
2024/09/08 13:03:41.673828 [repository.GetOrderByID] error getting order by id: record not found
2024/09/08 13:04:04.112712 [repository.GetOrderByID] error getting order by id: record not found
2024/09/08 13:04:04.112766 [controllers.DeleteOrderByID] error deleating order: order not found: record not found
2024/09/08 13:05:30.029412 [repository.GetOrderByID] error getting order by id: record not found
2024/09/08 13:05:39.515835 [repository.GetOrderByID] error getting order by id: record not found
2024/09/08 13:05:39.515896 [controllers.GetOrderByID] error getting order record not found
2024/09/08 13:05:47.258552 [repository.GetOrderByID] error getting order by id: record not found
2024/09/08 13:05:47.258595 [controllers.GetOrderByID] error getting order record not found
2024/09/08 13:07:02.723992 [repository.GetOrderByID] error getting order by id: record not found
2024/09/08 13:07:02.724069 [controllers.EditOrderByID] error editing order: order not found: record not found
2024/09/09 10:54:16.838922 [repository.GetUserByUsername] error getting user by username: record not found
2024/09/09 10:54:59.019146 [repository.GetOrderByID] error getting order by id: record not found
