[GIN-debug] [WARNING] Creating an Engine instance with the Logger and Recovery middleware already attached.

[GIN-debug] [WARNING] Running in "debug" mode. Switch to "release" mode in production.
 - using env:	export GIN_MODE=release
 - using code:	gin.SetMode(gin.ReleaseMode)

[GIN-debug] POST   /auth/sign-up             --> r_keeper/pkg/controllers.SignUp (3 handlers)
[GIN-debug] POST   /auth/sign-in             --> r_keeper/pkg/controllers.SignIn (3 handlers)
[GIN-debug] GET    /users                    --> r_keeper/pkg/controllers.GetAllUsers (4 handlers)
[GIN-debug] GET    /users/:id                --> r_keeper/pkg/controllers.GetUserByID (4 handlers)
[GIN-debug] POST   /users                    --> r_keeper/pkg/controllers.CreateUser (4 handlers)
[GIN-debug] PUT    /users/:id                --> r_keeper/pkg/controllers.EditUserByID (4 handlers)
[GIN-debug] DELETE /users/:id                --> r_keeper/pkg/controllers.DeleteUserByID (4 handlers)
[GIN-debug] GET    /orders                   --> r_keeper/pkg/controllers.GetAllOrders (3 handlers)
[GIN-debug] GET    /orders/:id               --> r_keeper/pkg/controllers.GetOrderByID (3 handlers)
[GIN-debug] POST   /orders                   --> r_keeper/pkg/controllers.CreateOrder (3 handlers)
[GIN-debug] PUT    /orders/:id               --> r_keeper/pkg/controllers.EditOrderByID (3 handlers)
[GIN-debug] DELETE /orders/:id               --> r_keeper/pkg/controllers.DeleteOrderByID (3 handlers)
[GIN-debug] [WARNING] Creating an Engine instance with the Logger and Recovery middleware already attached.

[GIN-debug] [WARNING] Running in "debug" mode. Switch to "release" mode in production.
 - using env:	export GIN_MODE=release
 - using code:	gin.SetMode(gin.ReleaseMode)

[GIN-debug] POST   /auth/sign-up             --> r_keeper/pkg/controllers.SignUp (3 handlers)
[GIN-debug] POST   /auth/sign-in             --> r_keeper/pkg/controllers.SignIn (3 handlers)
[GIN-debug] GET    /users                    --> r_keeper/pkg/controllers.GetAllUsers (4 handlers)
[GIN-debug] GET    /users/:id                --> r_keeper/pkg/controllers.GetUserByID (4 handlers)
[GIN-debug] POST   /users                    --> r_keeper/pkg/controllers.CreateUser (4 handlers)
[GIN-debug] PUT    /users/:id                --> r_keeper/pkg/controllers.EditUserByID (4 handlers)
[GIN-debug] DELETE /users/:id                --> r_keeper/pkg/controllers.DeleteUserByID (4 handlers)
[GIN-debug] GET    /orders                   --> r_keeper/pkg/controllers.GetAllOrders (3 handlers)
[GIN-debug] GET    /orders/:id               --> r_keeper/pkg/controllers.GetOrderByID (3 handlers)
[GIN-debug] POST   /orders                   --> r_keeper/pkg/controllers.CreateOrder (3 handlers)
[GIN-debug] PUT    /orders/:id               --> r_keeper/pkg/controllers.EditOrderByID (3 handlers)
[GIN-debug] DELETE /orders/:id               --> r_keeper/pkg/controllers.DeleteOrderByID (3 handlers)
[GIN-debug] [WARNING] Creating an Engine instance with the Logger and Recovery middleware already attached.

[GIN-debug] [WARNING] Running in "debug" mode. Switch to "release" mode in production.
 - using env:	export GIN_MODE=release
 - using code:	gin.SetMode(gin.ReleaseMode)

[GIN-debug] POST   /auth/sign-up             --> r_keeper/pkg/controllers.SignUp (3 handlers)
[GIN-debug] POST   /auth/sign-in             --> r_keeper/pkg/controllers.SignIn (3 handlers)
[GIN-debug] GET    /users                    --> r_keeper/pkg/controllers.GetAllUsers (4 handlers)
[GIN-debug] GET    /users/:id                --> r_keeper/pkg/controllers.GetUserByID (4 handlers)
[GIN-debug] POST   /users                    --> r_keeper/pkg/controllers.CreateUser (4 handlers)
[GIN-debug] PUT    /users/:id                --> r_keeper/pkg/controllers.EditUserByID (4 handlers)
[GIN-debug] DELETE /users/:id                --> r_keeper/pkg/controllers.DeleteUserByID (4 handlers)
[GIN-debug] GET    /orders                   --> r_keeper/pkg/controllers.GetAllOrders (3 handlers)
[GIN-debug] GET    /orders/:id               --> r_keeper/pkg/controllers.GetOrderByID (3 handlers)
[GIN-debug] POST   /orders                   --> r_keeper/pkg/controllers.CreateOrder (3 handlers)
[GIN-debug] PUT    /orders/:id               --> r_keeper/pkg/controllers.EditOrderByID (3 handlers)
[GIN-debug] DELETE /orders/:id               --> r_keeper/pkg/controllers.DeleteOrderByID (3 handlers)
[GIN-debug] [WARNING] Creating an Engine instance with the Logger and Recovery middleware already attached.

[GIN-debug] [WARNING] Running in "debug" mode. Switch to "release" mode in production.
 - using env:	export GIN_MODE=release
 - using code:	gin.SetMode(gin.ReleaseMode)

[GIN-debug] POST   /auth/sign-up             --> r_keeper/pkg/controllers.SignUp (3 handlers)
[GIN-debug] POST   /auth/sign-in             --> r_keeper/pkg/controllers.SignIn (3 handlers)
[GIN-debug] GET    /users                    --> r_keeper/pkg/controllers.GetAllUsers (4 handlers)
[GIN-debug] GET    /users/:id                --> r_keeper/pkg/controllers.GetUserByID (4 handlers)
[GIN-debug] POST   /users                    --> r_keeper/pkg/controllers.CreateUser (4 handlers)
[GIN-debug] PUT    /users/:id                --> r_keeper/pkg/controllers.EditUserByID (4 handlers)
[GIN-debug] DELETE /users/:id                --> r_keeper/pkg/controllers.DeleteUserByID (4 handlers)
[GIN-debug] GET    /orders                   --> r_keeper/pkg/controllers.GetAllOrders (3 handlers)
[GIN-debug] GET    /orders/:id               --> r_keeper/pkg/controllers.GetOrderByID (3 handlers)
[GIN-debug] POST   /orders                   --> r_keeper/pkg/controllers.CreateOrder (3 handlers)
[GIN-debug] PUT    /orders/:id               --> r_keeper/pkg/controllers.EditOrderByID (3 handlers)
[GIN-debug] DELETE /orders/:id               --> r_keeper/pkg/controllers.DeleteOrderByID (3 handlers)
[GIN-debug] [WARNING] Creating an Engine instance with the Logger and Recovery middleware already attached.

[GIN-debug] [WARNING] Running in "debug" mode. Switch to "release" mode in production.
 - using env:	export GIN_MODE=release
 - using code:	gin.SetMode(gin.ReleaseMode)

[GIN-debug] POST   /auth/sign-up             --> r_keeper/pkg/controllers.SignUp (3 handlers)
[GIN-debug] POST   /auth/sign-in             --> r_keeper/pkg/controllers.SignIn (3 handlers)
[GIN-debug] GET    /users                    --> r_keeper/pkg/controllers.GetAllUsers (4 handlers)
[GIN-debug] GET    /users/:id                --> r_keeper/pkg/controllers.GetUserByID (4 handlers)
[GIN-debug] POST   /users                    --> r_keeper/pkg/controllers.CreateUser (4 handlers)
[GIN-debug] PUT    /users/:id                --> r_keeper/pkg/controllers.EditUserByID (4 handlers)
[GIN-debug] DELETE /users/:id                --> r_keeper/pkg/controllers.DeleteUserByID (4 handlers)
[GIN-debug] GET    /orders                   --> r_keeper/pkg/controllers.GetAllOrders (3 handlers)
[GIN-debug] GET    /orders/:id               --> r_keeper/pkg/controllers.GetOrderByID (3 handlers)
[GIN-debug] POST   /orders                   --> r_keeper/pkg/controllers.CreateOrder (3 handlers)
[GIN-debug] PUT    /orders/:id               --> r_keeper/pkg/controllers.EditOrderByID (3 handlers)
[GIN-debug] DELETE /orders/:id               --> r_keeper/pkg/controllers.DeleteOrderByID (3 handlers)
[GIN-debug] [WARNING] Creating an Engine instance with the Logger and Recovery middleware already attached.

[GIN-debug] [WARNING] Running in "debug" mode. Switch to "release" mode in production.
 - using env:	export GIN_MODE=release
 - using code:	gin.SetMode(gin.ReleaseMode)

[GIN] 2024/09/07 - 14:52:32 | 401 |        32.4µs |             ::1 | GET      "/users"
[GIN] 2024/09/07 - 14:52:59 | 200 |    4.535209ms |             ::1 | POST     "/auth/sign-in"
[GIN] 2024/09/07 - 14:53:31 | 201 |   11.006029ms |             ::1 | POST     "/auth/sign-up"
[GIN] 2024/09/07 - 14:54:09 | 401 |      76.572µs |             ::1 | PUT      "/users/1"
[GIN] 2024/09/07 - 14:54:28 | 200 |    2.843434ms |             ::1 | POST     "/auth/sign-in"
[GIN] 2024/09/07 - 14:55:09 | 200 |    3.475597ms |             ::1 | GET      "/users"
[GIN] 2024/09/07 - 14:55:27 | 404 |         842ns |             ::1 | GET      "/tasks"
[GIN-debug] [WARNING] Creating an Engine instance with the Logger and Recovery middleware already attached.

[GIN-debug] [WARNING] Running in "debug" mode. Switch to "release" mode in production.
 - using env:	export GIN_MODE=release
 - using code:	gin.SetMode(gin.ReleaseMode)

[GIN] 2024/09/07 - 15:05:33 | 404 |         490ns |             ::1 | GET      "/auth/sign-up"
[GIN] 2024/09/07 - 15:05:51 | 404 |         521ns |             ::1 | GET      "/sign-up"
[GIN] 2024/09/07 - 15:06:05 | 404 |         621ns |             ::1 | GET      "/auth/sign-in"
[GIN] 2024/09/07 - 15:06:15 | 201 |   11.413464ms |             ::1 | POST     "/auth/sign-up"
[GIN-debug] [WARNING] Creating an Engine instance with the Logger and Recovery middleware already attached.

[GIN-debug] [WARNING] Running in "debug" mode. Switch to "release" mode in production.
 - using env:	export GIN_MODE=release
 - using code:	gin.SetMode(gin.ReleaseMode)

[GIN] 2024/09/07 - 15:07:03 | 201 |   15.507768ms |             ::1 | POST     "/auth/sign-up"
[GIN] 2024/09/07 - 15:07:08 | 200 |    3.461428ms |             ::1 | POST     "/auth/sign-in"
[GIN] 2024/09/07 - 15:10:10 | 400 |     323.461µs |             ::1 | POST     "/orders"
[GIN-debug] [WARNING] Creating an Engine instance with the Logger and Recovery middleware already attached.

[GIN-debug] [WARNING] Running in "debug" mode. Switch to "release" mode in production.
 - using env:	export GIN_MODE=release
 - using code:	gin.SetMode(gin.ReleaseMode)

[GIN] 2024/09/07 - 15:26:46 | 201 |   20.795676ms |             ::1 | POST     "/orders"
[GIN] 2024/09/07 - 15:27:45 | 200 |    3.085731ms |             ::1 | GET      "/orders"
[GIN] 2024/09/07 - 15:28:13 | 200 |    2.957513ms |             ::1 | GET      "/orders/1"
[GIN] 2024/09/07 - 15:28:18 | 200 |    2.472352ms |             ::1 | GET      "/orders"
[GIN-debug] [WARNING] Creating an Engine instance with the Logger and Recovery middleware already attached.

[GIN-debug] [WARNING] Running in "debug" mode. Switch to "release" mode in production.
 - using env:	export GIN_MODE=release
 - using code:	gin.SetMode(gin.ReleaseMode)

[GIN] 2024/09/07 - 15:30:48 | 500 |    3.803054ms |             ::1 | GET      "/orders"
[GIN-debug] [WARNING] Creating an Engine instance with the Logger and Recovery middleware already attached.

[GIN-debug] [WARNING] Running in "debug" mode. Switch to "release" mode in production.
 - using env:	export GIN_MODE=release
 - using code:	gin.SetMode(gin.ReleaseMode)

[GIN] 2024/09/07 - 15:31:41 | 200 |    7.415104ms |             ::1 | GET      "/orders"
[GIN-debug] [WARNING] Creating an Engine instance with the Logger and Recovery middleware already attached.

[GIN-debug] [WARNING] Running in "debug" mode. Switch to "release" mode in production.
 - using env:	export GIN_MODE=release
 - using code:	gin.SetMode(gin.ReleaseMode)

[GIN] 2024/09/07 - 15:36:45 | 401 |      64.901µs |             ::1 | GET      "/orders"
[GIN] 2024/09/07 - 15:36:56 | 200 |    4.177871ms |             ::1 | POST     "/auth/sign-in"
[GIN] 2024/09/07 - 15:37:05 | 201 |   35.333466ms |             ::1 | POST     "/orders"
[GIN] 2024/09/07 - 15:37:25 | 200 |    7.053904ms |             ::1 | GET      "/orders"
[GIN] 2024/09/07 - 15:37:55 | 200 |    4.673672ms |             ::1 | GET      "/orders"
[GIN] 2024/09/07 - 15:39:05 | 200 |    5.050171ms |             ::1 | GET      "/orders"
[GIN-debug] [WARNING] Creating an Engine instance with the Logger and Recovery middleware already attached.

[GIN-debug] [WARNING] Running in "debug" mode. Switch to "release" mode in production.
 - using env:	export GIN_MODE=release
 - using code:	gin.SetMode(gin.ReleaseMode)

[GIN] 2024/09/07 - 15:42:42 | 200 |   23.346629ms |             ::1 | PUT      "/orders/1"
[GIN] 2024/09/07 - 15:42:54 | 200 |    7.664779ms |             ::1 | GET      "/orders"
[GIN] 2024/09/07 - 15:43:19 | 200 |    4.930509ms |             ::1 | GET      "/orders"
[GIN] 2024/09/07 - 15:43:20 | 200 |    4.783316ms |             ::1 | GET      "/orders"
[GIN] 2024/09/07 - 15:43:26 | 200 |    15.42827ms |             ::1 | PUT      "/orders/1"
[GIN] 2024/09/07 - 15:43:51 | 200 |   15.946593ms |             ::1 | PUT      "/orders/1"
[GIN] 2024/09/07 - 15:43:56 | 200 |    4.615353ms |             ::1 | GET      "/orders"
[GIN-debug] [WARNING] Creating an Engine instance with the Logger and Recovery middleware already attached.

[GIN-debug] [WARNING] Running in "debug" mode. Switch to "release" mode in production.
 - using env:	export GIN_MODE=release
 - using code:	gin.SetMode(gin.ReleaseMode)

[GIN] 2024/09/07 - 15:46:03 | 200 |    7.271378ms |             ::1 | GET      "/orders"
[GIN] 2024/09/07 - 15:46:16 | 200 |   20.626667ms |             ::1 | PUT      "/orders/1"
[GIN] 2024/09/07 - 15:46:27 | 404 |       1.793µs |             ::1 | PUT      "/orders/"
[GIN] 2024/09/07 - 15:46:31 | 200 |   16.905374ms |             ::1 | PUT      "/orders/1"
[GIN] 2024/09/07 - 15:46:39 | 200 |    4.937522ms |             ::1 | GET      "/orders"
[GIN] 2024/09/07 - 15:46:51 | 200 |    3.611769ms |             ::1 | POST     "/auth/sign-in"
[GIN] 2024/09/07 - 15:46:58 | 200 |    15.91228ms |             ::1 | PUT      "/orders/1"
[GIN] 2024/09/07 - 15:47:01 | 200 |    4.734916ms |             ::1 | GET      "/orders"
[GIN-debug] [WARNING] Creating an Engine instance with the Logger and Recovery middleware already attached.

[GIN-debug] [WARNING] Running in "debug" mode. Switch to "release" mode in production.
 - using env:	export GIN_MODE=release
 - using code:	gin.SetMode(gin.ReleaseMode)

[GIN] 2024/09/08 - 11:36:35 | 200 |    5.354167ms |             ::1 | POST     "/auth/sign-in"
[GIN] 2024/09/08 - 11:36:40 | 500 |   16.056691ms |             ::1 | POST     "/auth/sign-up"
[GIN] 2024/09/08 - 11:36:56 | 500 |    7.754073ms |             ::1 | POST     "/auth/sign-up"
[GIN] 2024/09/08 - 11:37:38 | 400 |     151.553µs |             ::1 | POST     "/auth/sign-up"
[GIN] 2024/09/08 - 11:38:51 | 400 |     119.112µs |             ::1 | POST     "/auth/sign-up"
[GIN-debug] [WARNING] Creating an Engine instance with the Logger and Recovery middleware already attached.

[GIN-debug] [WARNING] Running in "debug" mode. Switch to "release" mode in production.
 - using env:	export GIN_MODE=release
 - using code:	gin.SetMode(gin.ReleaseMode)

[GIN] 2024/09/08 - 11:44:08 | 201 |   19.672222ms |             ::1 | POST     "/auth/sign-up"
[GIN] 2024/09/08 - 11:46:29 | 500 |    7.234023ms |             ::1 | POST     "/auth/sign-up"
[GIN] 2024/09/08 - 11:47:04 | 500 |    8.193396ms |             ::1 | POST     "/auth/sign-up"
[GIN-debug] [WARNING] Creating an Engine instance with the Logger and Recovery middleware already attached.

[GIN-debug] [WARNING] Running in "debug" mode. Switch to "release" mode in production.
 - using env:	export GIN_MODE=release
 - using code:	gin.SetMode(gin.ReleaseMode)

[GIN] 2024/09/08 - 11:47:26 | 201 |   10.844312ms |             ::1 | POST     "/auth/sign-up"
[GIN-debug] [WARNING] Creating an Engine instance with the Logger and Recovery middleware already attached.

[GIN-debug] [WARNING] Running in "debug" mode. Switch to "release" mode in production.
 - using env:	export GIN_MODE=release
 - using code:	gin.SetMode(gin.ReleaseMode)

[GIN] 2024/09/08 - 11:48:09 | 201 |   18.373486ms |             ::1 | POST     "/auth/sign-up"
[GIN] 2024/09/08 - 11:48:37 | 500 |    7.355199ms |             ::1 | POST     "/auth/sign-up"
[GIN-debug] [WARNING] Creating an Engine instance with the Logger and Recovery middleware already attached.

[GIN-debug] [WARNING] Running in "debug" mode. Switch to "release" mode in production.
 - using env:	export GIN_MODE=release
 - using code:	gin.SetMode(gin.ReleaseMode)

[GIN-debug] [WARNING] Creating an Engine instance with the Logger and Recovery middleware already attached.

[GIN-debug] [WARNING] Running in "debug" mode. Switch to "release" mode in production.
 - using env:	export GIN_MODE=release
 - using code:	gin.SetMode(gin.ReleaseMode)

[GIN-debug] [WARNING] Creating an Engine instance with the Logger and Recovery middleware already attached.

[GIN-debug] [WARNING] Running in "debug" mode. Switch to "release" mode in production.
 - using env:	export GIN_MODE=release
 - using code:	gin.SetMode(gin.ReleaseMode)

[GIN] 2024/09/08 - 11:49:46 | 201 |   13.892129ms |             ::1 | POST     "/auth/sign-up"
[GIN] 2024/09/08 - 11:49:59 | 201 |    8.434717ms |             ::1 | POST     "/auth/sign-up"
[GIN] 2024/09/08 - 11:50:29 | 201 |    7.866916ms |             ::1 | POST     "/auth/sign-up"
[GIN] 2024/09/08 - 11:55:06 | 200 |    3.491958ms |             ::1 | POST     "/auth/sign-in"
[GIN] 2024/09/08 - 11:56:03 | 500 |    9.046041ms |             ::1 | POST     "/orders"
[GIN-debug] [WARNING] Creating an Engine instance with the Logger and Recovery middleware already attached.

[GIN-debug] [WARNING] Running in "debug" mode. Switch to "release" mode in production.
 - using env:	export GIN_MODE=release
 - using code:	gin.SetMode(gin.ReleaseMode)

[GIN] 2024/09/08 - 12:23:56 | 500 |    9.040983ms |             ::1 | POST     "/orders"
[GIN] 2024/09/08 - 12:32:55 | 500 |    7.977281ms |             ::1 | POST     "/orders"
[GIN-debug] [WARNING] Creating an Engine instance with the Logger and Recovery middleware already attached.

[GIN-debug] [WARNING] Running in "debug" mode. Switch to "release" mode in production.
 - using env:	export GIN_MODE=release
 - using code:	gin.SetMode(gin.ReleaseMode)

[GIN] 2024/09/08 - 12:38:24 | 201 |   19.076315ms |             ::1 | POST     "/auth/sign-up"
[GIN] 2024/09/08 - 12:38:44 | 201 |   14.948393ms |             ::1 | POST     "/auth/sign-up"
[GIN] 2024/09/08 - 12:38:47 | 200 |     4.13643ms |             ::1 | POST     "/auth/sign-in"
[GIN] 2024/09/08 - 12:39:11 | 500 |    8.424981ms |             ::1 | POST     "/orders"
[GIN] 2024/09/08 - 12:39:23 | 500 |    7.551084ms |             ::1 | POST     "/orders"
[GIN] 2024/09/08 - 12:40:13 | 500 |   10.502063ms |             ::1 | POST     "/orders"
[GIN-debug] [WARNING] Creating an Engine instance with the Logger and Recovery middleware already attached.

[GIN-debug] [WARNING] Running in "debug" mode. Switch to "release" mode in production.
 - using env:	export GIN_MODE=release
 - using code:	gin.SetMode(gin.ReleaseMode)

[GIN] 2024/09/08 - 12:40:24 | 500 |   11.581703ms |             ::1 | POST     "/orders"
[GIN-debug] [WARNING] Creating an Engine instance with the Logger and Recovery middleware already attached.

[GIN-debug] [WARNING] Running in "debug" mode. Switch to "release" mode in production.
 - using env:	export GIN_MODE=release
 - using code:	gin.SetMode(gin.ReleaseMode)

[GIN] 2024/09/08 - 12:42:57 | 201 |   20.872834ms |             ::1 | POST     "/orders"
[GIN] 2024/09/08 - 12:43:32 | 401 |     127.245µs |             ::1 | GET      "/orders"
[GIN] 2024/09/08 - 12:43:49 | 200 |    5.504012ms |             ::1 | GET      "/orders"
[GIN] 2024/09/08 - 12:44:15 | 500 |    3.035799ms |             ::1 | PUT      "/orders/1"
[GIN] 2024/09/08 - 12:44:21 | 401 |     130.784µs |             ::1 | DELETE   "/orders/1"
[GIN-debug] [WARNING] Creating an Engine instance with the Logger and Recovery middleware already attached.

[GIN-debug] [WARNING] Running in "debug" mode. Switch to "release" mode in production.
 - using env:	export GIN_MODE=release
 - using code:	gin.SetMode(gin.ReleaseMode)

[GIN-debug] [WARNING] Creating an Engine instance with the Logger and Recovery middleware already attached.

[GIN-debug] [WARNING] Running in "debug" mode. Switch to "release" mode in production.
 - using env:	export GIN_MODE=release
 - using code:	gin.SetMode(gin.ReleaseMode)

[GIN] 2024/09/08 - 12:45:49 | 201 |   18.676333ms |             ::1 | POST     "/auth/sign-up"
[GIN] 2024/09/08 - 12:46:05 | 201 |   16.418164ms |             ::1 | POST     "/auth/sign-up"
[GIN] 2024/09/08 - 12:46:12 | 200 |    3.988177ms |             ::1 | POST     "/auth/sign-in"
[GIN] 2024/09/08 - 12:46:29 | 201 |   19.129211ms |             ::1 | POST     "/orders"
[GIN] 2024/09/08 - 12:46:39 | 200 |    5.746407ms |             ::1 | GET      "/orders"
[GIN] 2024/09/08 - 12:47:04 | 500 |    6.720796ms |             ::1 | DELETE   "/orders/1"
[GIN-debug] [WARNING] Creating an Engine instance with the Logger and Recovery middleware already attached.

[GIN-debug] [WARNING] Running in "debug" mode. Switch to "release" mode in production.
 - using env:	export GIN_MODE=release
 - using code:	gin.SetMode(gin.ReleaseMode)

[GIN] 2024/09/08 - 12:54:23 | 200 |   15.928329ms |             ::1 | DELETE   "/orders/1"
[GIN] 2024/09/08 - 12:54:28 | 200 |    3.891987ms |             ::1 | GET      "/orders"
[GIN-debug] [WARNING] Creating an Engine instance with the Logger and Recovery middleware already attached.

[GIN-debug] [WARNING] Running in "debug" mode. Switch to "release" mode in production.
 - using env:	export GIN_MODE=release
 - using code:	gin.SetMode(gin.ReleaseMode)

[GIN] 2024/09/08 - 12:58:11 | 201 |   21.712614ms |             ::1 | POST     "/orders"
[GIN] 2024/09/08 - 12:58:16 | 200 |    5.603009ms |             ::1 | GET      "/orders"
[GIN] 2024/09/08 - 12:58:23 | 500 |     7.02794ms |             ::1 | DELETE   "/orders/2"
[GIN-debug] [WARNING] Creating an Engine instance with the Logger and Recovery middleware already attached.

[GIN-debug] [WARNING] Running in "debug" mode. Switch to "release" mode in production.
 - using env:	export GIN_MODE=release
 - using code:	gin.SetMode(gin.ReleaseMode)

[GIN] 2024/09/08 - 13:00:33 | 200 |    17.51606ms |             ::1 | DELETE   "/orders/2"
[GIN] 2024/09/08 - 13:00:38 | 200 |    3.991505ms |             ::1 | GET      "/orders"
[GIN-debug] [WARNING] Creating an Engine instance with the Logger and Recovery middleware already attached.

[GIN-debug] [WARNING] Running in "debug" mode. Switch to "release" mode in production.
 - using env:	export GIN_MODE=release
 - using code:	gin.SetMode(gin.ReleaseMode)

[GIN] 2024/09/08 - 13:01:24 | 201 |    19.05929ms |             ::1 | POST     "/auth/sign-up"
[GIN] 2024/09/08 - 13:01:27 | 200 |    3.681242ms |             ::1 | POST     "/auth/sign-in"
[GIN] 2024/09/08 - 13:01:40 | 500 |    8.809068ms |             ::1 | POST     "/orders"
[GIN] 2024/09/08 - 13:02:50 | 200 |     4.49214ms |             ::1 | GET      "/orders"
[GIN] 2024/09/08 - 13:03:02 | 500 |    6.388536ms |             ::1 | POST     "/orders"
[GIN] 2024/09/08 - 13:03:41 | 201 |    20.57701ms |             ::1 | POST     "/orders"
[GIN] 2024/09/08 - 13:03:47 | 200 |    4.716967ms |             ::1 | GET      "/orders"
[GIN] 2024/09/08 - 13:04:04 | 500 |    2.841323ms |             ::1 | DELETE   "/orders/1"
[GIN] 2024/09/08 - 13:04:10 | 200 |   15.214124ms |             ::1 | DELETE   "/orders/3"
[GIN] 2024/09/08 - 13:04:17 | 200 |    2.684033ms |             ::1 | GET      "/orders"
[GIN-debug] [WARNING] Creating an Engine instance with the Logger and Recovery middleware already attached.

[GIN-debug] [WARNING] Running in "debug" mode. Switch to "release" mode in production.
 - using env:	export GIN_MODE=release
 - using code:	gin.SetMode(gin.ReleaseMode)

[GIN] 2024/09/08 - 13:05:30 | 201 |   18.342324ms |             ::1 | POST     "/orders"
[GIN] 2024/09/08 - 13:05:39 | 500 |    3.285287ms |             ::1 | GET      "/orders/1"
[GIN] 2024/09/08 - 13:05:47 | 500 |    3.039053ms |             ::1 | GET      "/orders/2"
[GIN] 2024/09/08 - 13:05:52 | 200 |    2.858494ms |             ::1 | GET      "/orders/4"
[GIN] 2024/09/08 - 13:07:02 | 500 |    3.164863ms |             ::1 | PUT      "/orders/1"
[GIN] 2024/09/08 - 13:07:08 | 200 |   16.051643ms |             ::1 | PUT      "/orders/4"
[GIN] 2024/09/08 - 13:07:25 | 200 |    2.707218ms |             ::1 | GET      "/orders/4"
[GIN] 2024/09/08 - 13:07:39 | 200 |   16.617995ms |             ::1 | PUT      "/orders/4"
[GIN] 2024/09/08 - 13:07:42 | 200 |       2.544ms |             ::1 | GET      "/orders/4"
[GIN-debug] [WARNING] Creating an Engine instance with the Logger and Recovery middleware already attached.

[GIN-debug] [WARNING] Running in "debug" mode. Switch to "release" mode in production.
 - using env:	export GIN_MODE=release
 - using code:	gin.SetMode(gin.ReleaseMode)

[GIN] 2024/09/09 - 10:52:02 | 401 |      90.166µs |             ::1 | GET      "/orders"
[GIN] 2024/09/09 - 10:52:07 | 200 |    2.057198ms |             ::1 | POST     "/auth/sign-in"
[GIN] 2024/09/09 - 10:52:37 | 200 |    2.364542ms |             ::1 | GET      "/orders"
[GIN-debug] [WARNING] Creating an Engine instance with the Logger and Recovery middleware already attached.

[GIN-debug] [WARNING] Running in "debug" mode. Switch to "release" mode in production.
 - using env:	export GIN_MODE=release
 - using code:	gin.SetMode(gin.ReleaseMode)

[GIN-debug] [WARNING] Creating an Engine instance with the Logger and Recovery middleware already attached.

[GIN-debug] [WARNING] Running in "debug" mode. Switch to "release" mode in production.
 - using env:	export GIN_MODE=release
 - using code:	gin.SetMode(gin.ReleaseMode)

[GIN] 2024/09/09 - 10:54:16 | 201 |   12.108862ms |             ::1 | POST     "/auth/sign-up"
[GIN] 2024/09/09 - 10:54:19 | 200 |    1.726406ms |             ::1 | POST     "/auth/sign-in"
[GIN] 2024/09/09 - 10:54:59 | 201 |   13.182154ms |             ::1 | POST     "/orders"
[GIN] 2024/09/09 - 10:55:02 | 200 |    2.378517ms |             ::1 | GET      "/orders"
[GIN] 2024/09/09 - 11:01:21 | 401 |      64.839µs |             ::1 | DELETE   "/orders/1"
[GIN] 2024/09/09 - 11:01:54 | 200 |   10.173537ms |             ::1 | DELETE   "/orders/1"
[GIN] 2024/09/09 - 11:01:58 | 200 |    1.112004ms |             ::1 | GET      "/orders"
[GIN-debug] [WARNING] Creating an Engine instance with the Logger and Recovery middleware already attached.

[GIN-debug] [WARNING] Running in "debug" mode. Switch to "release" mode in production.
 - using env:	export GIN_MODE=release
 - using code:	gin.SetMode(gin.ReleaseMode)

